Copyright 1986-2022 Xilinx, Inc. All Rights Reserved. Copyright 2022-2024 Advanced Micro Devices, Inc. All Rights Reserved.
---------------------------------------------------------------------------------------------------------------------------------------------
| Tool Version : Vivado v.2024.1 (lin64) Build 5076996 Wed May 22 18:36:09 MDT 2024
| Date         : Thu Oct 24 14:35:15 2024
| Host         : inspiron-7472 running 64-bit Ubuntu 22.04.5 LTS
| Command      : upgrade_ip
| Device       : xc7z007sclg400-1
---------------------------------------------------------------------------------------------------------------------------------------------

Upgrade Log for IP 'system_serial_0_1'

1. Summary
----------

SUCCESS in the upgrade of system_serial_0_1 (user.org:user:serial:1.0) from (Rev. 23) to (Rev. 24)






Copyright 1986-2022 Xilinx, Inc. All Rights Reserved. Copyright 2022-2024 Advanced Micro Devices, Inc. All Rights Reserved.
---------------------------------------------------------------------------------------------------------------------------------------------
| Tool Version : Vivado v.2024.1 (lin64) Build 5076996 Wed May 22 18:36:09 MDT 2024
| Date         : Thu Oct 24 14:24:16 2024
| Host         : inspiron-7472 running 64-bit Ubuntu 22.04.5 LTS
| Command      : upgrade_ip
| Device       : xc7z007sclg400-1
---------------------------------------------------------------------------------------------------------------------------------------------

Upgrade Log for IP 'system_serial_0_1'

1. Summary
----------

SUCCESS in the upgrade of system_serial_0_1 (user.org:user:serial:1.0) from (Rev. 22) to (Rev. 23)






Copyright 1986-2022 Xilinx, Inc. All Rights Reserved. Copyright 2022-2024 Advanced Micro Devices, Inc. All Rights Reserved.
---------------------------------------------------------------------------------------------------------------------------------------------
| Tool Version : Vivado v.2024.1 (lin64) Build 5076996 Wed May 22 18:36:09 MDT 2024
| Date         : Thu Oct 24 12:59:28 2024
| Host         : inspiron-7472 running 64-bit Ubuntu 22.04.5 LTS
| Command      : upgrade_ip
| Device       : xc7z007sclg400-1
---------------------------------------------------------------------------------------------------------------------------------------------

Upgrade Log for IP 'system_serial_0_1'

1. Summary
----------

SUCCESS in the upgrade of system_serial_0_1 (user.org:user:serial:1.0) from (Rev. 21) to (Rev. 22)






Copyright 1986-2022 Xilinx, Inc. All Rights Reserved. Copyright 2022-2024 Advanced Micro Devices, Inc. All Rights Reserved.
---------------------------------------------------------------------------------------------------------------------------------------------
| Tool Version : Vivado v.2024.1 (lin64) Build 5076996 Wed May 22 18:36:09 MDT 2024
| Date         : Thu Oct 24 12:47:43 2024
| Host         : inspiron-7472 running 64-bit Ubuntu 22.04.5 LTS
| Command      : upgrade_ip
| Device       : xc7z007sclg400-1
---------------------------------------------------------------------------------------------------------------------------------------------

Upgrade Log for IP 'system_serial_0_1'

1. Summary
----------

SUCCESS in the upgrade of system_serial_0_1 (user.org:user:serial:1.0) from (Rev. 20) to (Rev. 21)






Copyright 1986-2022 Xilinx, Inc. All Rights Reserved. Copyright 2022-2024 Advanced Micro Devices, Inc. All Rights Reserved.
---------------------------------------------------------------------------------------------------------------------------------------------
| Tool Version : Vivado v.2024.1 (lin64) Build 5076996 Wed May 22 18:36:09 MDT 2024
| Date         : Thu Oct 24 12:30:44 2024
| Host         : inspiron-7472 running 64-bit Ubuntu 22.04.5 LTS
| Command      : upgrade_ip
| Device       : xc7z007sclg400-1
---------------------------------------------------------------------------------------------------------------------------------------------

Upgrade Log for IP 'system_serial_0_1'

1. Summary
----------

SUCCESS in the upgrade of system_serial_0_1 (user.org:user:serial:1.0) from (Rev. 19) to (Rev. 20)






Copyright 1986-2022 Xilinx, Inc. All Rights Reserved. Copyright 2022-2024 Advanced Micro Devices, Inc. All Rights Reserved.
---------------------------------------------------------------------------------------------------------------------------------------------
| Tool Version : Vivado v.2024.1 (lin64) Build 5076996 Wed May 22 18:36:09 MDT 2024
| Date         : Thu Oct 24 12:06:33 2024
| Host         : inspiron-7472 running 64-bit Ubuntu 22.04.5 LTS
| Command      : upgrade_ip
| Device       : xc7z007sclg400-1
---------------------------------------------------------------------------------------------------------------------------------------------

Upgrade Log for IP 'system_serial_0_1'

1. Summary
----------

SUCCESS in the upgrade of system_serial_0_1 (user.org:user:serial:1.0) from (Rev. 18) to (Rev. 19)






Copyright 1986-2022 Xilinx, Inc. All Rights Reserved. Copyright 2022-2024 Advanced Micro Devices, Inc. All Rights Reserved.
---------------------------------------------------------------------------------------------------------------------------------------------
| Tool Version : Vivado v.2024.1 (lin64) Build 5076996 Wed May 22 18:36:09 MDT 2024
| Date         : Thu Oct 24 12:01:21 2024
| Host         : inspiron-7472 running 64-bit Ubuntu 22.04.5 LTS
| Command      : upgrade_ip
| Device       : xc7z007sclg400-1
---------------------------------------------------------------------------------------------------------------------------------------------

Upgrade Log for IP 'system_serial_0_1'

1. Summary
----------

SUCCESS in the upgrade of system_serial_0_1 (user.org:user:serial:1.0) from (Rev. 17) to (Rev. 18)






Copyright 1986-2022 Xilinx, Inc. All Rights Reserved. Copyright 2022-2024 Advanced Micro Devices, Inc. All Rights Reserved.
---------------------------------------------------------------------------------------------------------------------------------------------
| Tool Version : Vivado v.2024.1 (lin64) Build 5076996 Wed May 22 18:36:09 MDT 2024
| Date         : Thu Oct 24 11:24:13 2024
| Host         : inspiron-7472 running 64-bit Ubuntu 22.04.5 LTS
| Command      : upgrade_ip
| Device       : xc7z007sclg400-1
---------------------------------------------------------------------------------------------------------------------------------------------

Upgrade Log for IP 'system_serial_0_1'

1. Summary
----------

SUCCESS in the upgrade of system_serial_0_1 (user.org:user:serial:1.0) from (Rev. 16) to (Rev. 17)






Copyright 1986-2022 Xilinx, Inc. All Rights Reserved. Copyright 2022-2024 Advanced Micro Devices, Inc. All Rights Reserved.
---------------------------------------------------------------------------------------------------------------------------------------------
| Tool Version : Vivado v.2024.1 (lin64) Build 5076996 Wed May 22 18:36:09 MDT 2024
| Date         : Thu Oct 24 11:20:33 2024
| Host         : inspiron-7472 running 64-bit Ubuntu 22.04.5 LTS
| Command      : upgrade_ip
| Device       : xc7z007sclg400-1
---------------------------------------------------------------------------------------------------------------------------------------------

Upgrade Log for IP 'system_serial_0_1'

1. Summary
----------

SUCCESS in the upgrade of system_serial_0_1 (user.org:user:serial:1.0) from (Rev. 15) to (Rev. 16)






Copyright 1986-2022 Xilinx, Inc. All Rights Reserved. Copyright 2022-2024 Advanced Micro Devices, Inc. All Rights Reserved.
---------------------------------------------------------------------------------------------------------------------------------------------
| Tool Version : Vivado v.2024.1 (lin64) Build 5076996 Wed May 22 18:36:09 MDT 2024
| Date         : Thu Oct 24 11:09:06 2024
| Host         : inspiron-7472 running 64-bit Ubuntu 22.04.5 LTS
| Command      : upgrade_ip
| Device       : xc7z007sclg400-1
---------------------------------------------------------------------------------------------------------------------------------------------

Upgrade Log for IP 'system_serial_0_1'

1. Summary
----------

SUCCESS in the upgrade of system_serial_0_1 (user.org:user:serial:1.0) from (Rev. 14) to (Rev. 15)






Copyright 1986-2022 Xilinx, Inc. All Rights Reserved. Copyright 2022-2024 Advanced Micro Devices, Inc. All Rights Reserved.
---------------------------------------------------------------------------------------------------------------------------------------------
| Tool Version : Vivado v.2024.1 (lin64) Build 5076996 Wed May 22 18:36:09 MDT 2024
| Date         : Thu Oct 24 10:47:49 2024
| Host         : inspiron-7472 running 64-bit Ubuntu 22.04.5 LTS
| Command      : upgrade_ip
| Device       : xc7z007sclg400-1
---------------------------------------------------------------------------------------------------------------------------------------------

Upgrade Log for IP 'system_serial_0_1'

1. Summary
----------

SUCCESS in the upgrade of system_serial_0_1 (user.org:user:serial:1.0) from (Rev. 13) to (Rev. 14)






Copyright 1986-2022 Xilinx, Inc. All Rights Reserved. Copyright 2022-2024 Advanced Micro Devices, Inc. All Rights Reserved.
---------------------------------------------------------------------------------------------------------------------------------------------
| Tool Version : Vivado v.2024.1 (lin64) Build 5076996 Wed May 22 18:36:09 MDT 2024
| Date         : Thu Oct 24 02:00:58 2024
| Host         : inspiron-7472 running 64-bit Ubuntu 22.04.5 LTS
| Command      : upgrade_ip
| Device       : xc7z007sclg400-1
---------------------------------------------------------------------------------------------------------------------------------------------

Upgrade Log for IP 'system_serial_0_1'

1. Summary
----------

SUCCESS in the upgrade of system_serial_0_1 (user.org:user:serial:1.0) from (Rev. 12) to (Rev. 13)






Copyright 1986-2022 Xilinx, Inc. All Rights Reserved. Copyright 2022-2024 Advanced Micro Devices, Inc. All Rights Reserved.
---------------------------------------------------------------------------------------------------------------------------------------------
| Tool Version : Vivado v.2024.1 (lin64) Build 5076996 Wed May 22 18:36:09 MDT 2024
| Date         : Thu Oct 24 00:59:15 2024
| Host         : inspiron-7472 running 64-bit Ubuntu 22.04.5 LTS
| Command      : upgrade_ip
| Device       : xc7z007sclg400-1
---------------------------------------------------------------------------------------------------------------------------------------------

Upgrade Log for IP 'system_serial_0_1'

1. Summary
----------

SUCCESS in the upgrade of system_serial_0_1 (user.org:user:serial:1.0) from (Rev. 11) to (Rev. 12)






Copyright 1986-2022 Xilinx, Inc. All Rights Reserved. Copyright 2022-2024 Advanced Micro Devices, Inc. All Rights Reserved.
---------------------------------------------------------------------------------------------------------------------------------------------
| Tool Version : Vivado v.2024.1 (lin64) Build 5076996 Wed May 22 18:36:09 MDT 2024
| Date         : Thu Oct 24 00:21:13 2024
| Host         : inspiron-7472 running 64-bit Ubuntu 22.04.5 LTS
| Command      : upgrade_ip
| Device       : xc7z007sclg400-1
---------------------------------------------------------------------------------------------------------------------------------------------

Upgrade Log for IP 'system_serial_0_1'

1. Summary
----------

SUCCESS in the upgrade of system_serial_0_1 (user.org:user:serial:1.0) from (Rev. 10) to (Rev. 11)






Copyright 1986-2022 Xilinx, Inc. All Rights Reserved. Copyright 2022-2024 Advanced Micro Devices, Inc. All Rights Reserved.
---------------------------------------------------------------------------------------------------------------------------------------------
| Tool Version : Vivado v.2024.1 (lin64) Build 5076996 Wed May 22 18:36:09 MDT 2024
| Date         : Wed Oct 23 23:48:59 2024
| Host         : inspiron-7472 running 64-bit Ubuntu 22.04.5 LTS
| Command      : upgrade_ip
| Device       : xc7z007sclg400-1
---------------------------------------------------------------------------------------------------------------------------------------------

Upgrade Log for IP 'system_serial_0_1'

1. Summary
----------

SUCCESS in the upgrade of system_serial_0_1 (user.org:user:serial:1.0) from (Rev. 9) to (Rev. 10)






Copyright 1986-2022 Xilinx, Inc. All Rights Reserved. Copyright 2022-2024 Advanced Micro Devices, Inc. All Rights Reserved.
---------------------------------------------------------------------------------------------------------------------------------------------
| Tool Version : Vivado v.2024.1 (lin64) Build 5076996 Wed May 22 18:36:09 MDT 2024
| Date         : Wed Oct 23 22:40:04 2024
| Host         : inspiron-7472 running 64-bit Ubuntu 22.04.5 LTS
| Command      : upgrade_ip
| Device       : xc7z007sclg400-1
---------------------------------------------------------------------------------------------------------------------------------------------

Upgrade Log for IP 'system_serial_0_1'

1. Summary
----------

SUCCESS in the upgrade of system_serial_0_1 (user.org:user:serial:1.0) from (Rev. 8) to (Rev. 9)






Copyright 1986-2022 Xilinx, Inc. All Rights Reserved. Copyright 2022-2024 Advanced Micro Devices, Inc. All Rights Reserved.
---------------------------------------------------------------------------------------------------------------------------------------------
| Tool Version : Vivado v.2024.1 (lin64) Build 5076996 Wed May 22 18:36:09 MDT 2024
| Date         : Wed Oct 23 22:28:26 2024
| Host         : inspiron-7472 running 64-bit Ubuntu 22.04.5 LTS
| Command      : upgrade_ip
| Device       : xc7z007sclg400-1
---------------------------------------------------------------------------------------------------------------------------------------------

Upgrade Log for IP 'system_serial_0_1'

1. Summary
----------

SUCCESS in the upgrade of system_serial_0_1 (user.org:user:serial:1.0) from (Rev. 6) to (Rev. 8)






Copyright 1986-2022 Xilinx, Inc. All Rights Reserved. Copyright 2022-2024 Advanced Micro Devices, Inc. All Rights Reserved.
---------------------------------------------------------------------------------------------------------------------------------------------
| Tool Version : Vivado v.2024.1 (lin64) Build 5076996 Wed May 22 18:36:09 MDT 2024
| Date         : Wed Oct 23 21:46:35 2024
| Host         : inspiron-7472 running 64-bit Ubuntu 22.04.5 LTS
| Command      : upgrade_ip
| Device       : xc7z007sclg400-1
---------------------------------------------------------------------------------------------------------------------------------------------

Upgrade Log for IP 'system_serial_0_1'

1. Summary
----------

SUCCESS in the upgrade of system_serial_0_1 (user.org:user:serial:1.0) from (Rev. 5) to (Rev. 6)






Copyright 1986-2022 Xilinx, Inc. All Rights Reserved. Copyright 2022-2024 Advanced Micro Devices, Inc. All Rights Reserved.
---------------------------------------------------------------------------------------------------------------------------------------------
| Tool Version : Vivado v.2024.1 (lin64) Build 5076996 Wed May 22 18:36:09 MDT 2024
| Date         : Wed Oct 23 21:26:49 2024
| Host         : inspiron-7472 running 64-bit Ubuntu 22.04.5 LTS
| Command      : upgrade_ip
| Device       : xc7z007sclg400-1
---------------------------------------------------------------------------------------------------------------------------------------------

Upgrade Log for IP 'system_serial_0_1'

1. Summary
----------

SUCCESS in the upgrade of system_serial_0_1 (user.org:user:serial:1.0) from (Rev. 4) to (Rev. 5)






Copyright 1986-2022 Xilinx, Inc. All Rights Reserved. Copyright 2022-2024 Advanced Micro Devices, Inc. All Rights Reserved.
---------------------------------------------------------------------------------------------------------------------------------------------
| Tool Version : Vivado v.2024.1 (lin64) Build 5076996 Wed May 22 18:36:09 MDT 2024
| Date         : Wed Oct 23 20:36:13 2024
| Host         : inspiron-7472 running 64-bit Ubuntu 22.04.5 LTS
| Command      : upgrade_ip
| Device       : xc7z007sclg400-1
---------------------------------------------------------------------------------------------------------------------------------------------

Upgrade Log for IP 'system_serial_0_1'

1. Summary
----------

SUCCESS in the upgrade of system_serial_0_1 (user.org:user:serial:1.0) from (Rev. 3) to (Rev. 4)

