
*** Running vivado
    with args -log counter.vds -m64 -product Vivado -mode batch -messageDb vivado.pb -notrace -source counter.tcl


****** Vivado v2024.1 (64-bit)
  **** SW Build 5076996 on Wed May 22 18:36:09 MDT 2024
  **** IP Build 5075265 on Wed May 22 21:45:21 MDT 2024
  **** SharedData Build 5076995 on Wed May 22 18:29:18 MDT 2024
  **** Start of session at: Sat Sep 21 23:33:31 2024
    ** Copyright 1986-2022 Xilinx, Inc. All Rights Reserved.
    ** Copyright 2022-2024 Advanced Micro Devices, Inc. All Rights Reserved.

source counter.tcl -notrace
create_project: Time (s): cpu = 00:00:14 ; elapsed = 00:00:14 . Memory (MB): peak = 1414.645 ; gain = 0.023 ; free physical = 3045 ; free virtual = 9613
Command: read_checkpoint -auto_incremental -incremental /home/moonknight/SoC/stopwatch/stopwatch.srcs/utils_1/imports/synth_1/decTo7.dcp
INFO: [Vivado 12-5825] Read reference checkpoint from /home/moonknight/SoC/stopwatch/stopwatch.srcs/utils_1/imports/synth_1/decTo7.dcp for incremental synthesis
INFO: [Vivado 12-7989] Please ensure there are no constraint changes
Command: synth_design -top counter -part xc7z007sclg400-1
Starting synth_design
Attempting to get a license for feature 'Synthesis' and/or device 'xc7z007s'
INFO: [Common 17-349] Got license for feature 'Synthesis' and/or device 'xc7z007s'
INFO: [Device 21-403] Loading part xc7z007sclg400-1
INFO: [Device 21-9227] Part: xc7z007sclg400-1 does not have CEAM library.
INFO: [Synth 8-7079] Multithreading enabled for synth_design using a maximum of 4 processes.
INFO: [Synth 8-7078] Launching helper process for spawning children vivado processes
INFO: [Synth 8-7075] Helper process launched with PID 1491984
---------------------------------------------------------------------------------
Starting RTL Elaboration : Time (s): cpu = 00:00:07 ; elapsed = 00:00:08 . Memory (MB): peak = 2126.664 ; gain = 411.746 ; free physical = 2066 ; free virtual = 8634
---------------------------------------------------------------------------------
INFO: [Synth 8-6157] synthesizing module 'counter' [/home/moonknight/SoC/stopwatch/stopwatch.srcs/sources_1/new/counter.sv:1]
INFO: [Synth 8-6155] done synthesizing module 'counter' (0#1) [/home/moonknight/SoC/stopwatch/stopwatch.srcs/sources_1/new/counter.sv:1]
---------------------------------------------------------------------------------
Finished RTL Elaboration : Time (s): cpu = 00:00:10 ; elapsed = 00:00:11 . Memory (MB): peak = 2202.633 ; gain = 487.715 ; free physical = 1972 ; free virtual = 8541
---------------------------------------------------------------------------------
---------------------------------------------------------------------------------
Start Handling Custom Attributes
---------------------------------------------------------------------------------
---------------------------------------------------------------------------------
Finished Handling Custom Attributes : Time (s): cpu = 00:00:10 ; elapsed = 00:00:11 . Memory (MB): peak = 2217.477 ; gain = 502.559 ; free physical = 1970 ; free virtual = 8539
---------------------------------------------------------------------------------
---------------------------------------------------------------------------------
Finished RTL Optimization Phase 1 : Time (s): cpu = 00:00:10 ; elapsed = 00:00:11 . Memory (MB): peak = 2217.477 ; gain = 502.559 ; free physical = 1970 ; free virtual = 8539
---------------------------------------------------------------------------------
Netlist sorting complete. Time (s): cpu = 00:00:00 ; elapsed = 00:00:00 . Memory (MB): peak = 2217.477 ; gain = 0.000 ; free physical = 1970 ; free virtual = 8539
INFO: [Project 1-570] Preparing netlist for logic optimization

Processing XDC Constraints
Initializing timing engine
Parsing XDC File [/home/moonknight/SoC/stopwatch/stopwatch.srcs/constrs_1/new/blackboard.xdc]
WARNING: [Vivado 12-584] No ports matched 'CLK100'. [/home/moonknight/SoC/stopwatch/stopwatch.srcs/constrs_1/new/blackboard.xdc:5]
CRITICAL WARNING: [Common 17-55] 'set_property' expects at least one object. [/home/moonknight/SoC/stopwatch/stopwatch.srcs/constrs_1/new/blackboard.xdc:5]
Resolution: If [get_<value>] was used to populate the object, check to make sure this command returns at least one valid object.
WARNING: [Vivado 12-584] No ports matched 'CLK100'. [/home/moonknight/SoC/stopwatch/stopwatch.srcs/constrs_1/new/blackboard.xdc:6]
CRITICAL WARNING: [Common 17-55] 'set_property' expects at least one object. [/home/moonknight/SoC/stopwatch/stopwatch.srcs/constrs_1/new/blackboard.xdc:6]
Resolution: If [get_<value>] was used to populate the object, check to make sure this command returns at least one valid object.
WARNING: [Vivado 12-584] No ports matched 'CLK100'. [/home/moonknight/SoC/stopwatch/stopwatch.srcs/constrs_1/new/blackboard.xdc:7]
CRITICAL WARNING: [Vivado 12-4739] create_clock:No valid object(s) found for '-objects [get_ports CLK100]'. [/home/moonknight/SoC/stopwatch/stopwatch.srcs/constrs_1/new/blackboard.xdc:7]
Resolution: Check if the specified object(s) exists in the current design. If it does, ensure that the correct design hierarchy was specified for the object. If you are working with clocks, make sure create_clock was used to create the clock object before it is referenced.
WARNING: [Vivado 12-584] No ports matched 'LED[0]'. [/home/moonknight/SoC/stopwatch/stopwatch.srcs/constrs_1/new/blackboard.xdc:10]
CRITICAL WARNING: [Common 17-55] 'set_property' expects at least one object. [/home/moonknight/SoC/stopwatch/stopwatch.srcs/constrs_1/new/blackboard.xdc:10]
Resolution: If [get_<value>] was used to populate the object, check to make sure this command returns at least one valid object.
WARNING: [Vivado 12-584] No ports matched 'LED[1]'. [/home/moonknight/SoC/stopwatch/stopwatch.srcs/constrs_1/new/blackboard.xdc:11]
CRITICAL WARNING: [Common 17-55] 'set_property' expects at least one object. [/home/moonknight/SoC/stopwatch/stopwatch.srcs/constrs_1/new/blackboard.xdc:11]
Resolution: If [get_<value>] was used to populate the object, check to make sure this command returns at least one valid object.
WARNING: [Vivado 12-584] No ports matched 'LED[2]'. [/home/moonknight/SoC/stopwatch/stopwatch.srcs/constrs_1/new/blackboard.xdc:12]
CRITICAL WARNING: [Common 17-55] 'set_property' expects at least one object. [/home/moonknight/SoC/stopwatch/stopwatch.srcs/constrs_1/new/blackboard.xdc:12]
Resolution: If [get_<value>] was used to populate the object, check to make sure this command returns at least one valid object.
WARNING: [Vivado 12-584] No ports matched 'LED[3]'. [/home/moonknight/SoC/stopwatch/stopwatch.srcs/constrs_1/new/blackboard.xdc:13]
CRITICAL WARNING: [Common 17-55] 'set_property' expects at least one object. [/home/moonknight/SoC/stopwatch/stopwatch.srcs/constrs_1/new/blackboard.xdc:13]
Resolution: If [get_<value>] was used to populate the object, check to make sure this command returns at least one valid object.
WARNING: [Vivado 12-584] No ports matched 'LED[4]'. [/home/moonknight/SoC/stopwatch/stopwatch.srcs/constrs_1/new/blackboard.xdc:14]
CRITICAL WARNING: [Common 17-55] 'set_property' expects at least one object. [/home/moonknight/SoC/stopwatch/stopwatch.srcs/constrs_1/new/blackboard.xdc:14]
Resolution: If [get_<value>] was used to populate the object, check to make sure this command returns at least one valid object.
WARNING: [Vivado 12-584] No ports matched 'LED[5]'. [/home/moonknight/SoC/stopwatch/stopwatch.srcs/constrs_1/new/blackboard.xdc:15]
CRITICAL WARNING: [Common 17-55] 'set_property' expects at least one object. [/home/moonknight/SoC/stopwatch/stopwatch.srcs/constrs_1/new/blackboard.xdc:15]
Resolution: If [get_<value>] was used to populate the object, check to make sure this command returns at least one valid object.
WARNING: [Vivado 12-584] No ports matched 'LED[6]'. [/home/moonknight/SoC/stopwatch/stopwatch.srcs/constrs_1/new/blackboard.xdc:16]
CRITICAL WARNING: [Common 17-55] 'set_property' expects at least one object. [/home/moonknight/SoC/stopwatch/stopwatch.srcs/constrs_1/new/blackboard.xdc:16]
Resolution: If [get_<value>] was used to populate the object, check to make sure this command returns at least one valid object.
WARNING: [Vivado 12-584] No ports matched 'LED[7]'. [/home/moonknight/SoC/stopwatch/stopwatch.srcs/constrs_1/new/blackboard.xdc:17]
CRITICAL WARNING: [Common 17-55] 'set_property' expects at least one object. [/home/moonknight/SoC/stopwatch/stopwatch.srcs/constrs_1/new/blackboard.xdc:17]
Resolution: If [get_<value>] was used to populate the object, check to make sure this command returns at least one valid object.
WARNING: [Vivado 12-584] No ports matched 'LED[8]'. [/home/moonknight/SoC/stopwatch/stopwatch.srcs/constrs_1/new/blackboard.xdc:18]
CRITICAL WARNING: [Common 17-55] 'set_property' expects at least one object. [/home/moonknight/SoC/stopwatch/stopwatch.srcs/constrs_1/new/blackboard.xdc:18]
Resolution: If [get_<value>] was used to populate the object, check to make sure this command returns at least one valid object.
WARNING: [Vivado 12-584] No ports matched 'LED[9]'. [/home/moonknight/SoC/stopwatch/stopwatch.srcs/constrs_1/new/blackboard.xdc:19]
CRITICAL WARNING: [Common 17-55] 'set_property' expects at least one object. [/home/moonknight/SoC/stopwatch/stopwatch.srcs/constrs_1/new/blackboard.xdc:19]
Resolution: If [get_<value>] was used to populate the object, check to make sure this command returns at least one valid object.
WARNING: [Vivado 12-584] No ports matched 'LED[*]'. [/home/moonknight/SoC/stopwatch/stopwatch.srcs/constrs_1/new/blackboard.xdc:20]
CRITICAL WARNING: [Common 17-55] 'set_property' expects at least one object. [/home/moonknight/SoC/stopwatch/stopwatch.srcs/constrs_1/new/blackboard.xdc:20]
Resolution: If [get_<value>] was used to populate the object, check to make sure this command returns at least one valid object.
WARNING: [Vivado 12-584] No ports matched 'RGB0[0]'. [/home/moonknight/SoC/stopwatch/stopwatch.srcs/constrs_1/new/blackboard.xdc:23]
CRITICAL WARNING: [Common 17-55] 'set_property' expects at least one object. [/home/moonknight/SoC/stopwatch/stopwatch.srcs/constrs_1/new/blackboard.xdc:23]
Resolution: If [get_<value>] was used to populate the object, check to make sure this command returns at least one valid object.
WARNING: [Vivado 12-584] No ports matched 'RGB0[1]'. [/home/moonknight/SoC/stopwatch/stopwatch.srcs/constrs_1/new/blackboard.xdc:24]
CRITICAL WARNING: [Common 17-55] 'set_property' expects at least one object. [/home/moonknight/SoC/stopwatch/stopwatch.srcs/constrs_1/new/blackboard.xdc:24]
Resolution: If [get_<value>] was used to populate the object, check to make sure this command returns at least one valid object.
WARNING: [Vivado 12-584] No ports matched 'RGB0[2]'. [/home/moonknight/SoC/stopwatch/stopwatch.srcs/constrs_1/new/blackboard.xdc:25]
CRITICAL WARNING: [Common 17-55] 'set_property' expects at least one object. [/home/moonknight/SoC/stopwatch/stopwatch.srcs/constrs_1/new/blackboard.xdc:25]
Resolution: If [get_<value>] was used to populate the object, check to make sure this command returns at least one valid object.
WARNING: [Vivado 12-584] No ports matched 'RGB0[*]'. [/home/moonknight/SoC/stopwatch/stopwatch.srcs/constrs_1/new/blackboard.xdc:26]
CRITICAL WARNING: [Common 17-55] 'set_property' expects at least one object. [/home/moonknight/SoC/stopwatch/stopwatch.srcs/constrs_1/new/blackboard.xdc:26]
Resolution: If [get_<value>] was used to populate the object, check to make sure this command returns at least one valid object.
WARNING: [Vivado 12-584] No ports matched 'RGB1[0]'. [/home/moonknight/SoC/stopwatch/stopwatch.srcs/constrs_1/new/blackboard.xdc:27]
CRITICAL WARNING: [Common 17-55] 'set_property' expects at least one object. [/home/moonknight/SoC/stopwatch/stopwatch.srcs/constrs_1/new/blackboard.xdc:27]
Resolution: If [get_<value>] was used to populate the object, check to make sure this command returns at least one valid object.
WARNING: [Vivado 12-584] No ports matched 'RGB1[1]'. [/home/moonknight/SoC/stopwatch/stopwatch.srcs/constrs_1/new/blackboard.xdc:28]
CRITICAL WARNING: [Common 17-55] 'set_property' expects at least one object. [/home/moonknight/SoC/stopwatch/stopwatch.srcs/constrs_1/new/blackboard.xdc:28]
Resolution: If [get_<value>] was used to populate the object, check to make sure this command returns at least one valid object.
WARNING: [Vivado 12-584] No ports matched 'RGB1[2]'. [/home/moonknight/SoC/stopwatch/stopwatch.srcs/constrs_1/new/blackboard.xdc:29]
CRITICAL WARNING: [Common 17-55] 'set_property' expects at least one object. [/home/moonknight/SoC/stopwatch/stopwatch.srcs/constrs_1/new/blackboard.xdc:29]
Resolution: If [get_<value>] was used to populate the object, check to make sure this command returns at least one valid object.
WARNING: [Vivado 12-584] No ports matched 'RGB1[*]'. [/home/moonknight/SoC/stopwatch/stopwatch.srcs/constrs_1/new/blackboard.xdc:30]
CRITICAL WARNING: [Common 17-55] 'set_property' expects at least one object. [/home/moonknight/SoC/stopwatch/stopwatch.srcs/constrs_1/new/blackboard.xdc:30]
Resolution: If [get_<value>] was used to populate the object, check to make sure this command returns at least one valid object.
WARNING: [Vivado 12-584] No ports matched 'SS_ANODE[0]'. [/home/moonknight/SoC/stopwatch/stopwatch.srcs/constrs_1/new/blackboard.xdc:33]
CRITICAL WARNING: [Common 17-55] 'set_property' expects at least one object. [/home/moonknight/SoC/stopwatch/stopwatch.srcs/constrs_1/new/blackboard.xdc:33]
Resolution: If [get_<value>] was used to populate the object, check to make sure this command returns at least one valid object.
WARNING: [Vivado 12-584] No ports matched 'SS_ANODE[1]'. [/home/moonknight/SoC/stopwatch/stopwatch.srcs/constrs_1/new/blackboard.xdc:34]
CRITICAL WARNING: [Common 17-55] 'set_property' expects at least one object. [/home/moonknight/SoC/stopwatch/stopwatch.srcs/constrs_1/new/blackboard.xdc:34]
Resolution: If [get_<value>] was used to populate the object, check to make sure this command returns at least one valid object.
WARNING: [Vivado 12-584] No ports matched 'SS_ANODE[2]'. [/home/moonknight/SoC/stopwatch/stopwatch.srcs/constrs_1/new/blackboard.xdc:35]
CRITICAL WARNING: [Common 17-55] 'set_property' expects at least one object. [/home/moonknight/SoC/stopwatch/stopwatch.srcs/constrs_1/new/blackboard.xdc:35]
Resolution: If [get_<value>] was used to populate the object, check to make sure this command returns at least one valid object.
WARNING: [Vivado 12-584] No ports matched 'SS_ANODE[3]'. [/home/moonknight/SoC/stopwatch/stopwatch.srcs/constrs_1/new/blackboard.xdc:36]
CRITICAL WARNING: [Common 17-55] 'set_property' expects at least one object. [/home/moonknight/SoC/stopwatch/stopwatch.srcs/constrs_1/new/blackboard.xdc:36]
Resolution: If [get_<value>] was used to populate the object, check to make sure this command returns at least one valid object.
WARNING: [Vivado 12-584] No ports matched 'SS_ANODE[*]'. [/home/moonknight/SoC/stopwatch/stopwatch.srcs/constrs_1/new/blackboard.xdc:37]
CRITICAL WARNING: [Common 17-55] 'set_property' expects at least one object. [/home/moonknight/SoC/stopwatch/stopwatch.srcs/constrs_1/new/blackboard.xdc:37]
Resolution: If [get_<value>] was used to populate the object, check to make sure this command returns at least one valid object.
WARNING: [Vivado 12-584] No ports matched 'SS_CATHODE[0]'. [/home/moonknight/SoC/stopwatch/stopwatch.srcs/constrs_1/new/blackboard.xdc:39]
CRITICAL WARNING: [Common 17-55] 'set_property' expects at least one object. [/home/moonknight/SoC/stopwatch/stopwatch.srcs/constrs_1/new/blackboard.xdc:39]
Resolution: If [get_<value>] was used to populate the object, check to make sure this command returns at least one valid object.
WARNING: [Vivado 12-584] No ports matched 'SS_CATHODE[1]'. [/home/moonknight/SoC/stopwatch/stopwatch.srcs/constrs_1/new/blackboard.xdc:40]
CRITICAL WARNING: [Common 17-55] 'set_property' expects at least one object. [/home/moonknight/SoC/stopwatch/stopwatch.srcs/constrs_1/new/blackboard.xdc:40]
Resolution: If [get_<value>] was used to populate the object, check to make sure this command returns at least one valid object.
WARNING: [Vivado 12-584] No ports matched 'SS_CATHODE[2]'. [/home/moonknight/SoC/stopwatch/stopwatch.srcs/constrs_1/new/blackboard.xdc:41]
CRITICAL WARNING: [Common 17-55] 'set_property' expects at least one object. [/home/moonknight/SoC/stopwatch/stopwatch.srcs/constrs_1/new/blackboard.xdc:41]
Resolution: If [get_<value>] was used to populate the object, check to make sure this command returns at least one valid object.
WARNING: [Vivado 12-584] No ports matched 'SS_CATHODE[3]'. [/home/moonknight/SoC/stopwatch/stopwatch.srcs/constrs_1/new/blackboard.xdc:42]
CRITICAL WARNING: [Common 17-55] 'set_property' expects at least one object. [/home/moonknight/SoC/stopwatch/stopwatch.srcs/constrs_1/new/blackboard.xdc:42]
Resolution: If [get_<value>] was used to populate the object, check to make sure this command returns at least one valid object.
WARNING: [Vivado 12-584] No ports matched 'SS_CATHODE[4]'. [/home/moonknight/SoC/stopwatch/stopwatch.srcs/constrs_1/new/blackboard.xdc:43]
CRITICAL WARNING: [Common 17-55] 'set_property' expects at least one object. [/home/moonknight/SoC/stopwatch/stopwatch.srcs/constrs_1/new/blackboard.xdc:43]
Resolution: If [get_<value>] was used to populate the object, check to make sure this command returns at least one valid object.
WARNING: [Vivado 12-584] No ports matched 'SS_CATHODE[5]'. [/home/moonknight/SoC/stopwatch/stopwatch.srcs/constrs_1/new/blackboard.xdc:44]
CRITICAL WARNING: [Common 17-55] 'set_property' expects at least one object. [/home/moonknight/SoC/stopwatch/stopwatch.srcs/constrs_1/new/blackboard.xdc:44]
Resolution: If [get_<value>] was used to populate the object, check to make sure this command returns at least one valid object.
WARNING: [Vivado 12-584] No ports matched 'SS_CATHODE[6]'. [/home/moonknight/SoC/stopwatch/stopwatch.srcs/constrs_1/new/blackboard.xdc:45]
CRITICAL WARNING: [Common 17-55] 'set_property' expects at least one object. [/home/moonknight/SoC/stopwatch/stopwatch.srcs/constrs_1/new/blackboard.xdc:45]
Resolution: If [get_<value>] was used to populate the object, check to make sure this command returns at least one valid object.
WARNING: [Vivado 12-584] No ports matched 'SS_CATHODE[7]'. [/home/moonknight/SoC/stopwatch/stopwatch.srcs/constrs_1/new/blackboard.xdc:46]
CRITICAL WARNING: [Common 17-55] 'set_property' expects at least one object. [/home/moonknight/SoC/stopwatch/stopwatch.srcs/constrs_1/new/blackboard.xdc:46]
Resolution: If [get_<value>] was used to populate the object, check to make sure this command returns at least one valid object.
WARNING: [Vivado 12-584] No ports matched 'SS_CATHODE[*]'. [/home/moonknight/SoC/stopwatch/stopwatch.srcs/constrs_1/new/blackboard.xdc:47]
CRITICAL WARNING: [Common 17-55] 'set_property' expects at least one object. [/home/moonknight/SoC/stopwatch/stopwatch.srcs/constrs_1/new/blackboard.xdc:47]
Resolution: If [get_<value>] was used to populate the object, check to make sure this command returns at least one valid object.
WARNING: [Vivado 12-584] No ports matched 'SW[0]'. [/home/moonknight/SoC/stopwatch/stopwatch.srcs/constrs_1/new/blackboard.xdc:50]
CRITICAL WARNING: [Common 17-55] 'set_property' expects at least one object. [/home/moonknight/SoC/stopwatch/stopwatch.srcs/constrs_1/new/blackboard.xdc:50]
Resolution: If [get_<value>] was used to populate the object, check to make sure this command returns at least one valid object.
WARNING: [Vivado 12-584] No ports matched 'SW[1]'. [/home/moonknight/SoC/stopwatch/stopwatch.srcs/constrs_1/new/blackboard.xdc:51]
CRITICAL WARNING: [Common 17-55] 'set_property' expects at least one object. [/home/moonknight/SoC/stopwatch/stopwatch.srcs/constrs_1/new/blackboard.xdc:51]
Resolution: If [get_<value>] was used to populate the object, check to make sure this command returns at least one valid object.
WARNING: [Vivado 12-584] No ports matched 'SW[2]'. [/home/moonknight/SoC/stopwatch/stopwatch.srcs/constrs_1/new/blackboard.xdc:52]
CRITICAL WARNING: [Common 17-55] 'set_property' expects at least one object. [/home/moonknight/SoC/stopwatch/stopwatch.srcs/constrs_1/new/blackboard.xdc:52]
Resolution: If [get_<value>] was used to populate the object, check to make sure this command returns at least one valid object.
WARNING: [Vivado 12-584] No ports matched 'SW[3]'. [/home/moonknight/SoC/stopwatch/stopwatch.srcs/constrs_1/new/blackboard.xdc:53]
CRITICAL WARNING: [Common 17-55] 'set_property' expects at least one object. [/home/moonknight/SoC/stopwatch/stopwatch.srcs/constrs_1/new/blackboard.xdc:53]
Resolution: If [get_<value>] was used to populate the object, check to make sure this command returns at least one valid object.
WARNING: [Vivado 12-584] No ports matched 'SW[4]'. [/home/moonknight/SoC/stopwatch/stopwatch.srcs/constrs_1/new/blackboard.xdc:54]
CRITICAL WARNING: [Common 17-55] 'set_property' expects at least one object. [/home/moonknight/SoC/stopwatch/stopwatch.srcs/constrs_1/new/blackboard.xdc:54]
Resolution: If [get_<value>] was used to populate the object, check to make sure this command returns at least one valid object.
WARNING: [Vivado 12-584] No ports matched 'SW[5]'. [/home/moonknight/SoC/stopwatch/stopwatch.srcs/constrs_1/new/blackboard.xdc:55]
CRITICAL WARNING: [Common 17-55] 'set_property' expects at least one object. [/home/moonknight/SoC/stopwatch/stopwatch.srcs/constrs_1/new/blackboard.xdc:55]
Resolution: If [get_<value>] was used to populate the object, check to make sure this command returns at least one valid object.
WARNING: [Vivado 12-584] No ports matched 'SW[6]'. [/home/moonknight/SoC/stopwatch/stopwatch.srcs/constrs_1/new/blackboard.xdc:56]
CRITICAL WARNING: [Common 17-55] 'set_property' expects at least one object. [/home/moonknight/SoC/stopwatch/stopwatch.srcs/constrs_1/new/blackboard.xdc:56]
Resolution: If [get_<value>] was used to populate the object, check to make sure this command returns at least one valid object.
WARNING: [Vivado 12-584] No ports matched 'SW[7]'. [/home/moonknight/SoC/stopwatch/stopwatch.srcs/constrs_1/new/blackboard.xdc:57]
CRITICAL WARNING: [Common 17-55] 'set_property' expects at least one object. [/home/moonknight/SoC/stopwatch/stopwatch.srcs/constrs_1/new/blackboard.xdc:57]
Resolution: If [get_<value>] was used to populate the object, check to make sure this command returns at least one valid object.
WARNING: [Vivado 12-584] No ports matched 'SW[8]'. [/home/moonknight/SoC/stopwatch/stopwatch.srcs/constrs_1/new/blackboard.xdc:58]
CRITICAL WARNING: [Common 17-55] 'set_property' expects at least one object. [/home/moonknight/SoC/stopwatch/stopwatch.srcs/constrs_1/new/blackboard.xdc:58]
Resolution: If [get_<value>] was used to populate the object, check to make sure this command returns at least one valid object.
WARNING: [Vivado 12-584] No ports matched 'SW[9]'. [/home/moonknight/SoC/stopwatch/stopwatch.srcs/constrs_1/new/blackboard.xdc:59]
CRITICAL WARNING: [Common 17-55] 'set_property' expects at least one object. [/home/moonknight/SoC/stopwatch/stopwatch.srcs/constrs_1/new/blackboard.xdc:59]
Resolution: If [get_<value>] was used to populate the object, check to make sure this command returns at least one valid object.
WARNING: [Vivado 12-584] No ports matched 'SW[10]'. [/home/moonknight/SoC/stopwatch/stopwatch.srcs/constrs_1/new/blackboard.xdc:60]
CRITICAL WARNING: [Common 17-55] 'set_property' expects at least one object. [/home/moonknight/SoC/stopwatch/stopwatch.srcs/constrs_1/new/blackboard.xdc:60]
Resolution: If [get_<value>] was used to populate the object, check to make sure this command returns at least one valid object.
WARNING: [Vivado 12-584] No ports matched 'SW[11]'. [/home/moonknight/SoC/stopwatch/stopwatch.srcs/constrs_1/new/blackboard.xdc:61]
CRITICAL WARNING: [Common 17-55] 'set_property' expects at least one object. [/home/moonknight/SoC/stopwatch/stopwatch.srcs/constrs_1/new/blackboard.xdc:61]
Resolution: If [get_<value>] was used to populate the object, check to make sure this command returns at least one valid object.
WARNING: [Vivado 12-584] No ports matched 'SW[*]'. [/home/moonknight/SoC/stopwatch/stopwatch.srcs/constrs_1/new/blackboard.xdc:62]
CRITICAL WARNING: [Common 17-55] 'set_property' expects at least one object. [/home/moonknight/SoC/stopwatch/stopwatch.srcs/constrs_1/new/blackboard.xdc:62]
Resolution: If [get_<value>] was used to populate the object, check to make sure this command returns at least one valid object.
WARNING: [Vivado 12-584] No ports matched 'PB[0]'. [/home/moonknight/SoC/stopwatch/stopwatch.srcs/constrs_1/new/blackboard.xdc:65]
CRITICAL WARNING: [Common 17-55] 'set_property' expects at least one object. [/home/moonknight/SoC/stopwatch/stopwatch.srcs/constrs_1/new/blackboard.xdc:65]
Resolution: If [get_<value>] was used to populate the object, check to make sure this command returns at least one valid object.
WARNING: [Vivado 12-584] No ports matched 'PB[1]'. [/home/moonknight/SoC/stopwatch/stopwatch.srcs/constrs_1/new/blackboard.xdc:66]
CRITICAL WARNING: [Common 17-55] 'set_property' expects at least one object. [/home/moonknight/SoC/stopwatch/stopwatch.srcs/constrs_1/new/blackboard.xdc:66]
Resolution: If [get_<value>] was used to populate the object, check to make sure this command returns at least one valid object.
WARNING: [Vivado 12-584] No ports matched 'PB[2]'. [/home/moonknight/SoC/stopwatch/stopwatch.srcs/constrs_1/new/blackboard.xdc:67]
CRITICAL WARNING: [Common 17-55] 'set_property' expects at least one object. [/home/moonknight/SoC/stopwatch/stopwatch.srcs/constrs_1/new/blackboard.xdc:67]
Resolution: If [get_<value>] was used to populate the object, check to make sure this command returns at least one valid object.
WARNING: [Vivado 12-584] No ports matched 'PB[3]'. [/home/moonknight/SoC/stopwatch/stopwatch.srcs/constrs_1/new/blackboard.xdc:68]
CRITICAL WARNING: [Common 17-55] 'set_property' expects at least one object. [/home/moonknight/SoC/stopwatch/stopwatch.srcs/constrs_1/new/blackboard.xdc:68]
Resolution: If [get_<value>] was used to populate the object, check to make sure this command returns at least one valid object.
WARNING: [Vivado 12-584] No ports matched 'PB[*]'. [/home/moonknight/SoC/stopwatch/stopwatch.srcs/constrs_1/new/blackboard.xdc:69]
CRITICAL WARNING: [Common 17-55] 'set_property' expects at least one object. [/home/moonknight/SoC/stopwatch/stopwatch.srcs/constrs_1/new/blackboard.xdc:69]
Resolution: If [get_<value>] was used to populate the object, check to make sure this command returns at least one valid object.
WARNING: [Vivado 12-584] No ports matched 'GPIO[0]'. [/home/moonknight/SoC/stopwatch/stopwatch.srcs/constrs_1/new/blackboard.xdc:72]
CRITICAL WARNING: [Common 17-55] 'set_property' expects at least one object. [/home/moonknight/SoC/stopwatch/stopwatch.srcs/constrs_1/new/blackboard.xdc:72]
Resolution: If [get_<value>] was used to populate the object, check to make sure this command returns at least one valid object.
WARNING: [Vivado 12-584] No ports matched 'GPIO[1]'. [/home/moonknight/SoC/stopwatch/stopwatch.srcs/constrs_1/new/blackboard.xdc:73]
CRITICAL WARNING: [Common 17-55] 'set_property' expects at least one object. [/home/moonknight/SoC/stopwatch/stopwatch.srcs/constrs_1/new/blackboard.xdc:73]
Resolution: If [get_<value>] was used to populate the object, check to make sure this command returns at least one valid object.
WARNING: [Vivado 12-584] No ports matched 'GPIO[2]'. [/home/moonknight/SoC/stopwatch/stopwatch.srcs/constrs_1/new/blackboard.xdc:74]
CRITICAL WARNING: [Common 17-55] 'set_property' expects at least one object. [/home/moonknight/SoC/stopwatch/stopwatch.srcs/constrs_1/new/blackboard.xdc:74]
Resolution: If [get_<value>] was used to populate the object, check to make sure this command returns at least one valid object.
WARNING: [Vivado 12-584] No ports matched 'GPIO[3]'. [/home/moonknight/SoC/stopwatch/stopwatch.srcs/constrs_1/new/blackboard.xdc:75]
CRITICAL WARNING: [Common 17-55] 'set_property' expects at least one object. [/home/moonknight/SoC/stopwatch/stopwatch.srcs/constrs_1/new/blackboard.xdc:75]
Resolution: If [get_<value>] was used to populate the object, check to make sure this command returns at least one valid object.
WARNING: [Vivado 12-584] No ports matched 'GPIO[4]'. [/home/moonknight/SoC/stopwatch/stopwatch.srcs/constrs_1/new/blackboard.xdc:76]
CRITICAL WARNING: [Common 17-55] 'set_property' expects at least one object. [/home/moonknight/SoC/stopwatch/stopwatch.srcs/constrs_1/new/blackboard.xdc:76]
Resolution: If [get_<value>] was used to populate the object, check to make sure this command returns at least one valid object.
WARNING: [Vivado 12-584] No ports matched 'GPIO[5]'. [/home/moonknight/SoC/stopwatch/stopwatch.srcs/constrs_1/new/blackboard.xdc:77]
CRITICAL WARNING: [Common 17-55] 'set_property' expects at least one object. [/home/moonknight/SoC/stopwatch/stopwatch.srcs/constrs_1/new/blackboard.xdc:77]
Resolution: If [get_<value>] was used to populate the object, check to make sure this command returns at least one valid object.
WARNING: [Vivado 12-584] No ports matched 'GPIO[6]'. [/home/moonknight/SoC/stopwatch/stopwatch.srcs/constrs_1/new/blackboard.xdc:78]
CRITICAL WARNING: [Common 17-55] 'set_property' expects at least one object. [/home/moonknight/SoC/stopwatch/stopwatch.srcs/constrs_1/new/blackboard.xdc:78]
Resolution: If [get_<value>] was used to populate the object, check to make sure this command returns at least one valid object.
WARNING: [Vivado 12-584] No ports matched 'GPIO[7]'. [/home/moonknight/SoC/stopwatch/stopwatch.srcs/constrs_1/new/blackboard.xdc:79]
CRITICAL WARNING: [Common 17-55] 'set_property' expects at least one object. [/home/moonknight/SoC/stopwatch/stopwatch.srcs/constrs_1/new/blackboard.xdc:79]
Resolution: If [get_<value>] was used to populate the object, check to make sure this command returns at least one valid object.
WARNING: [Vivado 12-584] No ports matched 'GPIO[8]'. [/home/moonknight/SoC/stopwatch/stopwatch.srcs/constrs_1/new/blackboard.xdc:82]
CRITICAL WARNING: [Common 17-55] 'set_property' expects at least one object. [/home/moonknight/SoC/stopwatch/stopwatch.srcs/constrs_1/new/blackboard.xdc:82]
Resolution: If [get_<value>] was used to populate the object, check to make sure this command returns at least one valid object.
WARNING: [Vivado 12-584] No ports matched 'GPIO[9]'. [/home/moonknight/SoC/stopwatch/stopwatch.srcs/constrs_1/new/blackboard.xdc:83]
CRITICAL WARNING: [Common 17-55] 'set_property' expects at least one object. [/home/moonknight/SoC/stopwatch/stopwatch.srcs/constrs_1/new/blackboard.xdc:83]
Resolution: If [get_<value>] was used to populate the object, check to make sure this command returns at least one valid object.
WARNING: [Vivado 12-584] No ports matched 'GPIO[10]'. [/home/moonknight/SoC/stopwatch/stopwatch.srcs/constrs_1/new/blackboard.xdc:84]
CRITICAL WARNING: [Common 17-55] 'set_property' expects at least one object. [/home/moonknight/SoC/stopwatch/stopwatch.srcs/constrs_1/new/blackboard.xdc:84]
Resolution: If [get_<value>] was used to populate the object, check to make sure this command returns at least one valid object.
WARNING: [Vivado 12-584] No ports matched 'GPIO[11]'. [/home/moonknight/SoC/stopwatch/stopwatch.srcs/constrs_1/new/blackboard.xdc:85]
CRITICAL WARNING: [Common 17-55] 'set_property' expects at least one object. [/home/moonknight/SoC/stopwatch/stopwatch.srcs/constrs_1/new/blackboard.xdc:85]
Resolution: If [get_<value>] was used to populate the object, check to make sure this command returns at least one valid object.
WARNING: [Vivado 12-584] No ports matched 'GPIO[12]'. [/home/moonknight/SoC/stopwatch/stopwatch.srcs/constrs_1/new/blackboard.xdc:86]
CRITICAL WARNING: [Common 17-55] 'set_property' expects at least one object. [/home/moonknight/SoC/stopwatch/stopwatch.srcs/constrs_1/new/blackboard.xdc:86]
Resolution: If [get_<value>] was used to populate the object, check to make sure this command returns at least one valid object.
WARNING: [Vivado 12-584] No ports matched 'GPIO[13]'. [/home/moonknight/SoC/stopwatch/stopwatch.srcs/constrs_1/new/blackboard.xdc:87]
CRITICAL WARNING: [Common 17-55] 'set_property' expects at least one object. [/home/moonknight/SoC/stopwatch/stopwatch.srcs/constrs_1/new/blackboard.xdc:87]
Resolution: If [get_<value>] was used to populate the object, check to make sure this command returns at least one valid object.
WARNING: [Vivado 12-584] No ports matched 'GPIO[14]'. [/home/moonknight/SoC/stopwatch/stopwatch.srcs/constrs_1/new/blackboard.xdc:88]
CRITICAL WARNING: [Common 17-55] 'set_property' expects at least one object. [/home/moonknight/SoC/stopwatch/stopwatch.srcs/constrs_1/new/blackboard.xdc:88]
Resolution: If [get_<value>] was used to populate the object, check to make sure this command returns at least one valid object.
WARNING: [Vivado 12-584] No ports matched 'GPIO[15]'. [/home/moonknight/SoC/stopwatch/stopwatch.srcs/constrs_1/new/blackboard.xdc:89]
CRITICAL WARNING: [Common 17-55] 'set_property' expects at least one object. [/home/moonknight/SoC/stopwatch/stopwatch.srcs/constrs_1/new/blackboard.xdc:89]
Resolution: If [get_<value>] was used to populate the object, check to make sure this command returns at least one valid object.
WARNING: [Vivado 12-584] No ports matched 'GPIO[16]'. [/home/moonknight/SoC/stopwatch/stopwatch.srcs/constrs_1/new/blackboard.xdc:92]
CRITICAL WARNING: [Common 17-55] 'set_property' expects at least one object. [/home/moonknight/SoC/stopwatch/stopwatch.srcs/constrs_1/new/blackboard.xdc:92]
Resolution: If [get_<value>] was used to populate the object, check to make sure this command returns at least one valid object.
WARNING: [Vivado 12-584] No ports matched 'GPIO[17]'. [/home/moonknight/SoC/stopwatch/stopwatch.srcs/constrs_1/new/blackboard.xdc:93]
CRITICAL WARNING: [Common 17-55] 'set_property' expects at least one object. [/home/moonknight/SoC/stopwatch/stopwatch.srcs/constrs_1/new/blackboard.xdc:93]
Resolution: If [get_<value>] was used to populate the object, check to make sure this command returns at least one valid object.
WARNING: [Vivado 12-584] No ports matched 'GPIO[18]'. [/home/moonknight/SoC/stopwatch/stopwatch.srcs/constrs_1/new/blackboard.xdc:94]
CRITICAL WARNING: [Common 17-55] 'set_property' expects at least one object. [/home/moonknight/SoC/stopwatch/stopwatch.srcs/constrs_1/new/blackboard.xdc:94]
Resolution: If [get_<value>] was used to populate the object, check to make sure this command returns at least one valid object.
WARNING: [Vivado 12-584] No ports matched 'GPIO[19]'. [/home/moonknight/SoC/stopwatch/stopwatch.srcs/constrs_1/new/blackboard.xdc:95]
CRITICAL WARNING: [Common 17-55] 'set_property' expects at least one object. [/home/moonknight/SoC/stopwatch/stopwatch.srcs/constrs_1/new/blackboard.xdc:95]
Resolution: If [get_<value>] was used to populate the object, check to make sure this command returns at least one valid object.
WARNING: [Vivado 12-584] No ports matched 'GPIO[20]'. [/home/moonknight/SoC/stopwatch/stopwatch.srcs/constrs_1/new/blackboard.xdc:96]
CRITICAL WARNING: [Common 17-55] 'set_property' expects at least one object. [/home/moonknight/SoC/stopwatch/stopwatch.srcs/constrs_1/new/blackboard.xdc:96]
Resolution: If [get_<value>] was used to populate the object, check to make sure this command returns at least one valid object.
WARNING: [Vivado 12-584] No ports matched 'GPIO[21]'. [/home/moonknight/SoC/stopwatch/stopwatch.srcs/constrs_1/new/blackboard.xdc:97]
CRITICAL WARNING: [Common 17-55] 'set_property' expects at least one object. [/home/moonknight/SoC/stopwatch/stopwatch.srcs/constrs_1/new/blackboard.xdc:97]
Resolution: If [get_<value>] was used to populate the object, check to make sure this command returns at least one valid object.
WARNING: [Vivado 12-584] No ports matched 'GPIO[22]'. [/home/moonknight/SoC/stopwatch/stopwatch.srcs/constrs_1/new/blackboard.xdc:98]
CRITICAL WARNING: [Common 17-55] 'set_property' expects at least one object. [/home/moonknight/SoC/stopwatch/stopwatch.srcs/constrs_1/new/blackboard.xdc:98]
Resolution: If [get_<value>] was used to populate the object, check to make sure this command returns at least one valid object.
WARNING: [Vivado 12-584] No ports matched 'GPIO[23]'. [/home/moonknight/SoC/stopwatch/stopwatch.srcs/constrs_1/new/blackboard.xdc:99]
CRITICAL WARNING: [Common 17-55] 'set_property' expects at least one object. [/home/moonknight/SoC/stopwatch/stopwatch.srcs/constrs_1/new/blackboard.xdc:99]
Resolution: If [get_<value>] was used to populate the object, check to make sure this command returns at least one valid object.
WARNING: [Vivado 12-584] No ports matched 'GPIO[*]'. [/home/moonknight/SoC/stopwatch/stopwatch.srcs/constrs_1/new/blackboard.xdc:100]
CRITICAL WARNING: [Common 17-55] 'set_property' expects at least one object. [/home/moonknight/SoC/stopwatch/stopwatch.srcs/constrs_1/new/blackboard.xdc:100]
Resolution: If [get_<value>] was used to populate the object, check to make sure this command returns at least one valid object.
WARNING: [Vivado 12-584] No ports matched 'SERVO[0]'. [/home/moonknight/SoC/stopwatch/stopwatch.srcs/constrs_1/new/blackboard.xdc:103]
CRITICAL WARNING: [Common 17-55] 'set_property' expects at least one object. [/home/moonknight/SoC/stopwatch/stopwatch.srcs/constrs_1/new/blackboard.xdc:103]
Resolution: If [get_<value>] was used to populate the object, check to make sure this command returns at least one valid object.
WARNING: [Vivado 12-584] No ports matched 'SERVO[1]'. [/home/moonknight/SoC/stopwatch/stopwatch.srcs/constrs_1/new/blackboard.xdc:104]
CRITICAL WARNING: [Common 17-55] 'set_property' expects at least one object. [/home/moonknight/SoC/stopwatch/stopwatch.srcs/constrs_1/new/blackboard.xdc:104]
Resolution: If [get_<value>] was used to populate the object, check to make sure this command returns at least one valid object.
WARNING: [Vivado 12-584] No ports matched 'SERVO[2]'. [/home/moonknight/SoC/stopwatch/stopwatch.srcs/constrs_1/new/blackboard.xdc:105]
CRITICAL WARNING: [Common 17-55] 'set_property' expects at least one object. [/home/moonknight/SoC/stopwatch/stopwatch.srcs/constrs_1/new/blackboard.xdc:105]
Resolution: If [get_<value>] was used to populate the object, check to make sure this command returns at least one valid object.
WARNING: [Vivado 12-584] No ports matched 'SERVO[3]'. [/home/moonknight/SoC/stopwatch/stopwatch.srcs/constrs_1/new/blackboard.xdc:106]
CRITICAL WARNING: [Common 17-55] 'set_property' expects at least one object. [/home/moonknight/SoC/stopwatch/stopwatch.srcs/constrs_1/new/blackboard.xdc:106]
Resolution: If [get_<value>] was used to populate the object, check to make sure this command returns at least one valid object.
WARNING: [Vivado 12-584] No ports matched 'SERVO[*]'. [/home/moonknight/SoC/stopwatch/stopwatch.srcs/constrs_1/new/blackboard.xdc:107]
CRITICAL WARNING: [Common 17-55] 'set_property' expects at least one object. [/home/moonknight/SoC/stopwatch/stopwatch.srcs/constrs_1/new/blackboard.xdc:107]
Resolution: If [get_<value>] was used to populate the object, check to make sure this command returns at least one valid object.
WARNING: [Vivado 12-584] No ports matched 'PDM_SPEAKER'. [/home/moonknight/SoC/stopwatch/stopwatch.srcs/constrs_1/new/blackboard.xdc:110]
CRITICAL WARNING: [Common 17-55] 'set_property' expects at least one object. [/home/moonknight/SoC/stopwatch/stopwatch.srcs/constrs_1/new/blackboard.xdc:110]
Resolution: If [get_<value>] was used to populate the object, check to make sure this command returns at least one valid object.
WARNING: [Vivado 12-584] No ports matched 'PDM_SPEAKER'. [/home/moonknight/SoC/stopwatch/stopwatch.srcs/constrs_1/new/blackboard.xdc:111]
CRITICAL WARNING: [Common 17-55] 'set_property' expects at least one object. [/home/moonknight/SoC/stopwatch/stopwatch.srcs/constrs_1/new/blackboard.xdc:111]
Resolution: If [get_<value>] was used to populate the object, check to make sure this command returns at least one valid object.
WARNING: [Vivado 12-584] No ports matched 'PDM_MIC_DATA'. [/home/moonknight/SoC/stopwatch/stopwatch.srcs/constrs_1/new/blackboard.xdc:114]
CRITICAL WARNING: [Common 17-55] 'set_property' expects at least one object. [/home/moonknight/SoC/stopwatch/stopwatch.srcs/constrs_1/new/blackboard.xdc:114]
Resolution: If [get_<value>] was used to populate the object, check to make sure this command returns at least one valid object.
WARNING: [Vivado 12-584] No ports matched 'PDM_MIC_DATA'. [/home/moonknight/SoC/stopwatch/stopwatch.srcs/constrs_1/new/blackboard.xdc:115]
CRITICAL WARNING: [Common 17-55] 'set_property' expects at least one object. [/home/moonknight/SoC/stopwatch/stopwatch.srcs/constrs_1/new/blackboard.xdc:115]
Resolution: If [get_<value>] was used to populate the object, check to make sure this command returns at least one valid object.
WARNING: [Vivado 12-584] No ports matched 'PDM_MIC_CLK'. [/home/moonknight/SoC/stopwatch/stopwatch.srcs/constrs_1/new/blackboard.xdc:116]
CRITICAL WARNING: [Common 17-55] 'set_property' expects at least one object. [/home/moonknight/SoC/stopwatch/stopwatch.srcs/constrs_1/new/blackboard.xdc:116]
Resolution: If [get_<value>] was used to populate the object, check to make sure this command returns at least one valid object.
WARNING: [Vivado 12-584] No ports matched 'PDM_MIC_CLK'. [/home/moonknight/SoC/stopwatch/stopwatch.srcs/constrs_1/new/blackboard.xdc:117]
CRITICAL WARNING: [Common 17-55] 'set_property' expects at least one object. [/home/moonknight/SoC/stopwatch/stopwatch.srcs/constrs_1/new/blackboard.xdc:117]
Resolution: If [get_<value>] was used to populate the object, check to make sure this command returns at least one valid object.
WARNING: [Vivado 12-584] No ports matched 'ESP32_UART1_RXD'. [/home/moonknight/SoC/stopwatch/stopwatch.srcs/constrs_1/new/blackboard.xdc:120]
CRITICAL WARNING: [Common 17-55] 'set_property' expects at least one object. [/home/moonknight/SoC/stopwatch/stopwatch.srcs/constrs_1/new/blackboard.xdc:120]
Resolution: If [get_<value>] was used to populate the object, check to make sure this command returns at least one valid object.
WARNING: [Vivado 12-584] No ports matched 'ESP32_UART1_RXD'. [/home/moonknight/SoC/stopwatch/stopwatch.srcs/constrs_1/new/blackboard.xdc:121]
CRITICAL WARNING: [Common 17-55] 'set_property' expects at least one object. [/home/moonknight/SoC/stopwatch/stopwatch.srcs/constrs_1/new/blackboard.xdc:121]
Resolution: If [get_<value>] was used to populate the object, check to make sure this command returns at least one valid object.
WARNING: [Vivado 12-584] No ports matched 'ESP32_UART1_TXD'. [/home/moonknight/SoC/stopwatch/stopwatch.srcs/constrs_1/new/blackboard.xdc:122]
CRITICAL WARNING: [Common 17-55] 'set_property' expects at least one object. [/home/moonknight/SoC/stopwatch/stopwatch.srcs/constrs_1/new/blackboard.xdc:122]
Resolution: If [get_<value>] was used to populate the object, check to make sure this command returns at least one valid object.
WARNING: [Vivado 12-584] No ports matched 'ESP32_UART1_TXD'. [/home/moonknight/SoC/stopwatch/stopwatch.srcs/constrs_1/new/blackboard.xdc:123]
CRITICAL WARNING: [Common 17-55] 'set_property' expects at least one object. [/home/moonknight/SoC/stopwatch/stopwatch.srcs/constrs_1/new/blackboard.xdc:123]
Resolution: If [get_<value>] was used to populate the object, check to make sure this command returns at least one valid object.
WARNING: [Vivado 12-584] No ports matched 'IMU_SCLK'. [/home/moonknight/SoC/stopwatch/stopwatch.srcs/constrs_1/new/blackboard.xdc:126]
CRITICAL WARNING: [Common 17-55] 'set_property' expects at least one object. [/home/moonknight/SoC/stopwatch/stopwatch.srcs/constrs_1/new/blackboard.xdc:126]
Resolution: If [get_<value>] was used to populate the object, check to make sure this command returns at least one valid object.
WARNING: [Vivado 12-584] No ports matched 'IMU_SCLK'. [/home/moonknight/SoC/stopwatch/stopwatch.srcs/constrs_1/new/blackboard.xdc:127]
CRITICAL WARNING: [Common 17-55] 'set_property' expects at least one object. [/home/moonknight/SoC/stopwatch/stopwatch.srcs/constrs_1/new/blackboard.xdc:127]
Resolution: If [get_<value>] was used to populate the object, check to make sure this command returns at least one valid object.
WARNING: [Vivado 12-584] No ports matched 'IMU_SDI'. [/home/moonknight/SoC/stopwatch/stopwatch.srcs/constrs_1/new/blackboard.xdc:128]
CRITICAL WARNING: [Common 17-55] 'set_property' expects at least one object. [/home/moonknight/SoC/stopwatch/stopwatch.srcs/constrs_1/new/blackboard.xdc:128]
Resolution: If [get_<value>] was used to populate the object, check to make sure this command returns at least one valid object.
WARNING: [Vivado 12-584] No ports matched 'IMU_SDI'. [/home/moonknight/SoC/stopwatch/stopwatch.srcs/constrs_1/new/blackboard.xdc:129]
CRITICAL WARNING: [Common 17-55] 'set_property' expects at least one object. [/home/moonknight/SoC/stopwatch/stopwatch.srcs/constrs_1/new/blackboard.xdc:129]
Resolution: If [get_<value>] was used to populate the object, check to make sure this command returns at least one valid object.
WARNING: [Vivado 12-584] No ports matched 'IMU_SDO_AG'. [/home/moonknight/SoC/stopwatch/stopwatch.srcs/constrs_1/new/blackboard.xdc:130]
CRITICAL WARNING: [Common 17-55] 'set_property' expects at least one object. [/home/moonknight/SoC/stopwatch/stopwatch.srcs/constrs_1/new/blackboard.xdc:130]
Resolution: If [get_<value>] was used to populate the object, check to make sure this command returns at least one valid object.
WARNING: [Vivado 12-584] No ports matched 'IMU_SDO_AG'. [/home/moonknight/SoC/stopwatch/stopwatch.srcs/constrs_1/new/blackboard.xdc:131]
INFO: [Common 17-14] Message 'Vivado 12-584' appears 100 times and further instances of the messages will be disabled. Use the Tcl command set_msg_config to change the current settings. [/home/moonknight/SoC/stopwatch/stopwatch.srcs/constrs_1/new/blackboard.xdc:131]
CRITICAL WARNING: [Common 17-55] 'set_property' expects at least one object. [/home/moonknight/SoC/stopwatch/stopwatch.srcs/constrs_1/new/blackboard.xdc:131]
Resolution: If [get_<value>] was used to populate the object, check to make sure this command returns at least one valid object.
CRITICAL WARNING: [Common 17-55] 'set_property' expects at least one object. [/home/moonknight/SoC/stopwatch/stopwatch.srcs/constrs_1/new/blackboard.xdc:132]
Resolution: If [get_<value>] was used to populate the object, check to make sure this command returns at least one valid object.
Finished Parsing XDC File [/home/moonknight/SoC/stopwatch/stopwatch.srcs/constrs_1/new/blackboard.xdc]
Completed Processing XDC Constraints

Netlist sorting complete. Time (s): cpu = 00:00:00 ; elapsed = 00:00:00 . Memory (MB): peak = 2332.227 ; gain = 0.000 ; free physical = 1948 ; free virtual = 8518
INFO: [Project 1-111] Unisim Transformation Summary:
No Unisim elements were transformed.

Constraint Validation Runtime : Time (s): cpu = 00:00:00 ; elapsed = 00:00:00 . Memory (MB): peak = 2332.227 ; gain = 0.000 ; free physical = 1948 ; free virtual = 8518
---------------------------------------------------------------------------------
Finished Constraint Validation : Time (s): cpu = 00:00:21 ; elapsed = 00:00:22 . Memory (MB): peak = 2332.227 ; gain = 617.309 ; free physical = 1935 ; free virtual = 8505
---------------------------------------------------------------------------------
---------------------------------------------------------------------------------
Start Loading Part and Timing Information
---------------------------------------------------------------------------------
Loading part: xc7z007sclg400-1
---------------------------------------------------------------------------------
Finished Loading Part and Timing Information : Time (s): cpu = 00:00:21 ; elapsed = 00:00:22 . Memory (MB): peak = 2340.230 ; gain = 625.312 ; free physical = 1935 ; free virtual = 8505
---------------------------------------------------------------------------------
---------------------------------------------------------------------------------
Start Applying 'set_property' XDC Constraints
---------------------------------------------------------------------------------
---------------------------------------------------------------------------------
Finished applying 'set_property' XDC Constraints : Time (s): cpu = 00:00:21 ; elapsed = 00:00:22 . Memory (MB): peak = 2340.230 ; gain = 625.312 ; free physical = 1935 ; free virtual = 8505
---------------------------------------------------------------------------------
---------------------------------------------------------------------------------
Start Preparing Guide Design
---------------------------------------------------------------------------------
CRITICAL WARNING: [Synth 8-6895] The reference checkpoint /home/moonknight/SoC/stopwatch/stopwatch.srcs/utils_1/imports/synth_1/decTo7.dcp is not suitable for use with incremental synthesis for this design. Please regenerate the checkpoint for this design with -incremental_synth switch in the same Vivado session that synth_design has been run. Synthesis will continue with the default flow
---------------------------------------------------------------------------------
Finished Doing Graph Differ : Time (s): cpu = 00:00:22 ; elapsed = 00:00:22 . Memory (MB): peak = 2340.230 ; gain = 625.312 ; free physical = 1933 ; free virtual = 8504
---------------------------------------------------------------------------------
---------------------------------------------------------------------------------
Finished Preparing Guide Design : Time (s): cpu = 00:00:22 ; elapsed = 00:00:22 . Memory (MB): peak = 2340.230 ; gain = 625.312 ; free physical = 1933 ; free virtual = 8504
---------------------------------------------------------------------------------
---------------------------------------------------------------------------------
Finished RTL Optimization Phase 2 : Time (s): cpu = 00:00:22 ; elapsed = 00:00:22 . Memory (MB): peak = 2340.230 ; gain = 625.312 ; free physical = 1933 ; free virtual = 8504
---------------------------------------------------------------------------------


Incremental Synthesis Report Summary:

1. Incremental synthesis run: no

   Reason for not running incremental synthesis : 


INFO: [Synth 8-7130] Flow is switching to default flow due to incremental criteria not met. If you would like to alter this behaviour and have the flow terminate instead, please set the following parameter config_implementation {autoIncr.Synth.RejectBehavior Terminate}
---------------------------------------------------------------------------------
Start RTL Component Statistics 
---------------------------------------------------------------------------------
Detailed RTL Component Info : 
+---Registers : 
	                1 Bit    Registers := 1     
---------------------------------------------------------------------------------
Finished RTL Component Statistics 
---------------------------------------------------------------------------------
---------------------------------------------------------------------------------
Start Part Resource Summary
---------------------------------------------------------------------------------
Part Resources:
DSPs: 66 (col length:40)
BRAMs: 100 (col length: RAMB18 40 RAMB36 20)
---------------------------------------------------------------------------------
Finished Part Resource Summary
---------------------------------------------------------------------------------
---------------------------------------------------------------------------------
Start Cross Boundary and Area Optimization
---------------------------------------------------------------------------------
WARNING: [Synth 8-7080] Parallel synthesis criteria is not met
---------------------------------------------------------------------------------
Finished Cross Boundary and Area Optimization : Time (s): cpu = 00:00:24 ; elapsed = 00:00:24 . Memory (MB): peak = 2340.230 ; gain = 625.312 ; free physical = 1930 ; free virtual = 8504
---------------------------------------------------------------------------------
---------------------------------------------------------------------------------
Start Applying XDC Timing Constraints
---------------------------------------------------------------------------------
---------------------------------------------------------------------------------
Finished Applying XDC Timing Constraints : Time (s): cpu = 00:00:35 ; elapsed = 00:00:36 . Memory (MB): peak = 2340.230 ; gain = 625.312 ; free physical = 1937 ; free virtual = 8511
---------------------------------------------------------------------------------
---------------------------------------------------------------------------------
Start Timing Optimization
---------------------------------------------------------------------------------
---------------------------------------------------------------------------------
Finished Timing Optimization : Time (s): cpu = 00:00:35 ; elapsed = 00:00:36 . Memory (MB): peak = 2340.230 ; gain = 625.312 ; free physical = 1937 ; free virtual = 8511
---------------------------------------------------------------------------------
---------------------------------------------------------------------------------
Start Technology Mapping
---------------------------------------------------------------------------------
---------------------------------------------------------------------------------
Finished Technology Mapping : Time (s): cpu = 00:00:35 ; elapsed = 00:00:36 . Memory (MB): peak = 2340.230 ; gain = 625.312 ; free physical = 1937 ; free virtual = 8511
---------------------------------------------------------------------------------
---------------------------------------------------------------------------------
Start IO Insertion
---------------------------------------------------------------------------------
---------------------------------------------------------------------------------
Start Flattening Before IO Insertion
---------------------------------------------------------------------------------
---------------------------------------------------------------------------------
Finished Flattening Before IO Insertion
---------------------------------------------------------------------------------
---------------------------------------------------------------------------------
Start Final Netlist Cleanup
---------------------------------------------------------------------------------
---------------------------------------------------------------------------------
Finished Final Netlist Cleanup
---------------------------------------------------------------------------------
---------------------------------------------------------------------------------
Finished IO Insertion : Time (s): cpu = 00:00:43 ; elapsed = 00:00:43 . Memory (MB): peak = 2340.230 ; gain = 625.312 ; free physical = 1938 ; free virtual = 8513
---------------------------------------------------------------------------------
---------------------------------------------------------------------------------
Start Renaming Generated Instances
---------------------------------------------------------------------------------
---------------------------------------------------------------------------------
Finished Renaming Generated Instances : Time (s): cpu = 00:00:43 ; elapsed = 00:00:43 . Memory (MB): peak = 2340.230 ; gain = 625.312 ; free physical = 1938 ; free virtual = 8513
---------------------------------------------------------------------------------
---------------------------------------------------------------------------------
Start Rebuilding User Hierarchy
---------------------------------------------------------------------------------
---------------------------------------------------------------------------------
Finished Rebuilding User Hierarchy : Time (s): cpu = 00:00:43 ; elapsed = 00:00:43 . Memory (MB): peak = 2340.230 ; gain = 625.312 ; free physical = 1938 ; free virtual = 8513
---------------------------------------------------------------------------------
---------------------------------------------------------------------------------
Start Renaming Generated Ports
---------------------------------------------------------------------------------
---------------------------------------------------------------------------------
Finished Renaming Generated Ports : Time (s): cpu = 00:00:43 ; elapsed = 00:00:43 . Memory (MB): peak = 2340.230 ; gain = 625.312 ; free physical = 1938 ; free virtual = 8513
---------------------------------------------------------------------------------
---------------------------------------------------------------------------------
Start Handling Custom Attributes
---------------------------------------------------------------------------------
---------------------------------------------------------------------------------
Finished Handling Custom Attributes : Time (s): cpu = 00:00:43 ; elapsed = 00:00:43 . Memory (MB): peak = 2340.230 ; gain = 625.312 ; free physical = 1938 ; free virtual = 8513
---------------------------------------------------------------------------------
---------------------------------------------------------------------------------
Start Renaming Generated Nets
---------------------------------------------------------------------------------
---------------------------------------------------------------------------------
Finished Renaming Generated Nets : Time (s): cpu = 00:00:43 ; elapsed = 00:00:43 . Memory (MB): peak = 2340.230 ; gain = 625.312 ; free physical = 1938 ; free virtual = 8513
---------------------------------------------------------------------------------
---------------------------------------------------------------------------------
Start Writing Synthesis Report
---------------------------------------------------------------------------------

Report BlackBoxes: 
+-+--------------+----------+
| |BlackBox name |Instances |
+-+--------------+----------+
+-+--------------+----------+

Report Cell Usage: 
+------+-------+------+
|      |Cell   |Count |
+------+-------+------+
|1     |BUFG   |     1|
|2     |CARRY4 |    11|
|3     |LUT1   |     2|
|4     |LUT2   |    12|
|5     |LUT3   |     2|
|6     |FDRE   |    28|
|7     |IBUF   |     2|
|8     |OBUF   |     1|
+------+-------+------+
---------------------------------------------------------------------------------
Finished Writing Synthesis Report : Time (s): cpu = 00:00:43 ; elapsed = 00:00:43 . Memory (MB): peak = 2340.230 ; gain = 625.312 ; free physical = 1938 ; free virtual = 8513
---------------------------------------------------------------------------------
Synthesis finished with 0 errors, 1 critical warnings and 1 warnings.
Synthesis Optimization Runtime : Time (s): cpu = 00:00:40 ; elapsed = 00:00:41 . Memory (MB): peak = 2340.230 ; gain = 510.562 ; free physical = 1938 ; free virtual = 8513
Synthesis Optimization Complete : Time (s): cpu = 00:00:43 ; elapsed = 00:00:43 . Memory (MB): peak = 2340.238 ; gain = 625.312 ; free physical = 1938 ; free virtual = 8513
INFO: [Project 1-571] Translating synthesized netlist
Netlist sorting complete. Time (s): cpu = 00:00:00 ; elapsed = 00:00:00 . Memory (MB): peak = 2340.238 ; gain = 0.000 ; free physical = 1998 ; free virtual = 8572
INFO: [Netlist 29-17] Analyzing 11 Unisim elements for replacement
INFO: [Netlist 29-28] Unisim Transformation completed in 0 CPU seconds
INFO: [Project 1-570] Preparing netlist for logic optimization
INFO: [Opt 31-138] Pushed 0 inverter(s) to 0 load pin(s).
Netlist sorting complete. Time (s): cpu = 00:00:00 ; elapsed = 00:00:00 . Memory (MB): peak = 2340.238 ; gain = 0.000 ; free physical = 2235 ; free virtual = 8811
INFO: [Project 1-111] Unisim Transformation Summary:
No Unisim elements were transformed.

Synth Design complete | Checksum: 993d2597
INFO: [Common 17-83] Releasing license: Synthesis
21 Infos, 101 Warnings, 102 Critical Warnings and 0 Errors encountered.
synth_design completed successfully
synth_design: Time (s): cpu = 00:00:58 ; elapsed = 00:00:53 . Memory (MB): peak = 2340.238 ; gain = 925.594 ; free physical = 2235 ; free virtual = 8811
INFO: [Common 17-2834] synth_design peak Physical Memory [PSS] (MB): overall = 1889.801; main = 1540.262; forked = 400.462
INFO: [Common 17-2834] synth_design peak Virtual Memory [VSS] (MB): overall = 3372.473; main = 2340.234; forked = 1032.238
INFO: [runtcl-6] Synthesis results are not added to the cache due to CRITICAL_WARNING
Write ShapeDB Complete: Time (s): cpu = 00:00:00 ; elapsed = 00:00:00 . Memory (MB): peak = 2364.242 ; gain = 0.000 ; free physical = 2235 ; free virtual = 8811
INFO: [Common 17-1381] The checkpoint '/home/moonknight/SoC/stopwatch/stopwatch.runs/synth_1/counter.dcp' has been generated.
INFO: [Vivado 12-24828] Executing command : report_utilization -file counter_utilization_synth.rpt -pb counter_utilization_synth.pb
INFO: [Common 17-206] Exiting Vivado at Sat Sep 21 23:34:44 2024...
